2022.10.24 18:12:01 INFO  tracing is disabled for protocol LSP, to enable tracing of incoming and outgoing JSON messages create an empty file at /home/jaime/Documents/MVP-eCommerce/datamaking_spark_demo/.metals/lsp.trace.json or /home/jaime/.cache/metals/lsp.trace.json[0m
2022.10.24 18:12:06 INFO  logging to file /home/jaime/Documents/MVP-eCommerce/datamaking_spark_demo/.metals/metals.log[0m
2022.10.24 18:12:06 INFO  Started: Metals version 0.11.9 in workspace '/home/jaime/Documents/MVP-eCommerce/datamaking_spark_demo' for client Visual Studio Code 1.72.2.[0m
2022.10.24 18:12:19 INFO  time: initialize in 13s[0m
2022.10.24 18:12:30 WARN  Build server is not auto-connectable.[0m
2022.10.24 18:12:30 WARN  no build target for: /home/jaime/Documents/MVP-eCommerce/datamaking_spark_demo/src/main/scala/rdd_transformation_demo.scala[0m
2022.10.24 18:12:42 INFO  running '/usr/lib/jvm/jdk-18/bin/java -Djline.terminal=jline.UnsupportedTerminal -Dsbt.log.noformat=true -Dfile.encoding=UTF-8 -jar /tmp/metals1763388019296022346/sbt-launch.jar -Dbloop.export-jar-classifiers=sources bloopInstall'[0m
2022.10.24 18:12:42 WARN  no build target for: /home/jaime/Documents/MVP-eCommerce/datamaking_spark_demo/project/metals.sbt[0m
2022.10.24 18:12:43 INFO  skipping build import with status 'Started'[0m
2022.10.24 18:12:47 ERROR [info] [launcher] getting org.scala-sbt sbt 1.3.8  (this may take some time)...[0m
2022.10.24 18:13:10 INFO  no build target found for /home/jaime/Documents/MVP-eCommerce/datamaking_spark_demo/src/main/scala/rdd_transformation_demo.scala. Using presentation compiler with project's scala-library version: 3.2.0[0m
2022.10.24 18:13:39 INFO  time: code lens generation in 1m4s[0m
2022.10.24 18:14:15 ERROR downloading https://repo1.maven.org/maven2/org/scala-sbt/sbt/1.3.8/sbt-1.3.8.jar ...[0m
2022.10.24 18:14:15 ERROR downloading https://repo1.maven.org/maven2/org/scala-lang/scala-library/2.12.10/scala-library-2.12.10.jar ...[0m
2022.10.24 18:14:15 ERROR :: loading settings :: url = jar:file:/tmp/metals1763388019296022346/sbt-launch.jar!/org/apache/ivy/core/settings/ivysettings.xml[0m
2022.10.24 18:14:15 ERROR :: loading settings :: url = jar:file:/tmp/metals1763388019296022346/sbt-launch.jar!/org/apache/ivy/core/settings/ivysettings.xml[0m
2022.10.24 18:14:15 ERROR 	[SUCCESSFUL ] org.scala-sbt#sbt;1.3.8!sbt.jar (389ms)[0m
2022.10.24 18:14:15 ERROR downloading https://repo1.maven.org/maven2/org/scala-sbt/main_2.12/1.3.8/main_2.12-1.3.8.jar ...[0m
2022.10.24 18:14:16 ERROR 	[SUCCESSFUL ] org.scala-sbt#main_2.12;1.3.8!main_2.12.jar (636ms)[0m
2022.10.24 18:14:16 ERROR downloading https://repo1.maven.org/maven2/org/scala-sbt/io_2.12/1.3.3/io_2.12-1.3.3.jar ...[0m
2022.10.24 18:14:16 ERROR 	[SUCCESSFUL ] org.scala-sbt#io_2.12;1.3.3!io_2.12.jar (395ms)[0m
2022.10.24 18:14:16 ERROR downloading https://repo1.maven.org/maven2/org/scala-sbt/logic_2.12/1.3.8/logic_2.12-1.3.8.jar ...[0m
2022.10.24 18:14:16 ERROR 	[SUCCESSFUL ] org.scala-sbt#logic_2.12;1.3.8!logic_2.12.jar (320ms)[0m
2022.10.24 18:14:16 ERROR downloading https://repo1.maven.org/maven2/org/scala-sbt/actions_2.12/1.3.8/actions_2.12-1.3.8.jar ...[0m
2022.10.24 18:14:18 ERROR 	[SUCCESSFUL ] org.scala-lang#scala-library;2.12.10!scala-library.jar (2269ms)[0m
2022.10.24 18:14:18 ERROR downloading https://repo1.maven.org/maven2/org/scala-sbt/main-settings_2.12/1.3.8/main-settings_2.12-1.3.8.jar ...[0m
2022.10.24 18:14:18 ERROR 	[SUCCESSFUL ] org.scala-sbt#actions_2.12;1.3.8!actions_2.12.jar (610ms)[0m
2022.10.24 18:14:18 ERROR downloading https://repo1.maven.org/maven2/org/scala-sbt/run_2.12/1.3.8/run_2.12-1.3.8.jar ...[0m
2022.10.24 18:14:18 ERROR 	[SUCCESSFUL ] org.scala-sbt#main-settings_2.12;1.3.8!main-settings_2.12.jar (390ms)[0m
2022.10.24 18:14:18 ERROR downloading https://repo1.maven.org/maven2/org/scala-sbt/command_2.12/1.3.8/command_2.12-1.3.8.jar ...[0m
2022.10.24 18:14:18 ERROR 	[SUCCESSFUL ] org.scala-sbt#run_2.12;1.3.8!run_2.12.jar (318ms)[0m
2022.10.24 18:14:18 ERROR downloading https://repo1.maven.org/maven2/org/scala-sbt/collections_2.12/1.3.8/collections_2.12-1.3.8.jar ...[0m
2022.10.24 18:14:18 ERROR 	[SUCCESSFUL ] org.scala-sbt#collections_2.12;1.3.8!collections_2.12.jar (318ms)[0m
2022.10.24 18:14:18 ERROR downloading https://repo1.maven.org/maven2/org/scala-sbt/scripted-sbt-redux_2.12/1.3.8/scripted-sbt-redux_2.12-1.3.8.jar ...[0m
2022.10.24 18:14:18 ERROR 	[SUCCESSFUL ] org.scala-sbt#command_2.12;1.3.8!command_2.12.jar (336ms)[0m
2022.10.24 18:14:18 ERROR downloading https://repo1.maven.org/maven2/org/scala-sbt/scripted-plugin_2.12/1.3.8/scripted-plugin_2.12-1.3.8.jar ...[0m
2022.10.24 18:14:19 ERROR 	[SUCCESSFUL ] org.scala-sbt#scripted-sbt-redux_2.12;1.3.8!scripted-sbt-redux_2.12.jar (302ms)[0m
2022.10.24 18:14:19 ERROR downloading https://repo1.maven.org/maven2/org/scala-sbt/zinc-lm-integration_2.12/1.3.8/zinc-lm-integration_2.12-1.3.8.jar ...[0m
2022.10.24 18:14:19 ERROR 	[SUCCESSFUL ] org.scala-sbt#scripted-plugin_2.12;1.3.8!scripted-plugin_2.12.jar (313ms)[0m
2022.10.24 18:14:19 ERROR downloading https://repo1.maven.org/maven2/org/scala-lang/modules/scala-xml_2.12/1.2.0/scala-xml_2.12-1.2.0.jar ...[0m
2022.10.24 18:14:19 ERROR 	[SUCCESSFUL ] org.scala-sbt#zinc-lm-integration_2.12;1.3.8!zinc-lm-integration_2.12.jar (324ms)[0m
2022.10.24 18:14:19 ERROR downloading https://repo1.maven.org/maven2/org/scala-sbt/launcher-interface/1.1.3/launcher-interface-1.1.3.jar ...[0m
2022.10.24 18:14:19 ERROR 	[SUCCESSFUL ] org.scala-lang.modules#scala-xml_2.12;1.2.0!scala-xml_2.12.jar(bundle) (320ms)[0m
2022.10.24 18:14:19 ERROR downloading https://repo1.maven.org/maven2/org/apache/logging/log4j/log4j-api/2.11.2/log4j-api-2.11.2.jar ...[0m
2022.10.24 18:14:19 ERROR 	[SUCCESSFUL ] org.apache.logging.log4j#log4j-api;2.11.2!log4j-api.jar (311ms)[0m
2022.10.24 18:14:19 ERROR downloading https://repo1.maven.org/maven2/org/apache/logging/log4j/log4j-core/2.11.2/log4j-core-2.11.2.jar ...[0m
2022.10.24 18:14:19 ERROR 	[SUCCESSFUL ] org.scala-sbt#launcher-interface;1.1.3!launcher-interface.jar (327ms)[0m
2022.10.24 18:14:19 ERROR downloading https://repo1.maven.org/maven2/org/apache/logging/log4j/log4j-slf4j-impl/2.11.2/log4j-slf4j-impl-2.11.2.jar ...[0m
2022.10.24 18:14:19 ERROR 	[SUCCESSFUL ] org.apache.logging.log4j#log4j-slf4j-impl;2.11.2!log4j-slf4j-impl.jar (304ms)[0m
2022.10.24 18:14:19 ERROR downloading https://repo1.maven.org/maven2/com/github/cb372/scalacache-caffeine_2.12/0.20.0/scalacache-caffeine_2.12-0.20.0.jar ...[0m
2022.10.24 18:14:20 ERROR 	[SUCCESSFUL ] org.apache.logging.log4j#log4j-core;2.11.2!log4j-core.jar (505ms)[0m
2022.10.24 18:14:20 ERROR downloading https://repo1.maven.org/maven2/io/get-coursier/lm-coursier-shaded_2.12/2.0.0-RC5-3/lm-coursier-shaded_2.12-2.0.0-RC5-3.jar ...[0m
2022.10.24 18:14:20 ERROR 	[SUCCESSFUL ] com.github.cb372#scalacache-caffeine_2.12;0.20.0!scalacache-caffeine_2.12.jar (302ms)[0m
2022.10.24 18:14:20 ERROR downloading https://repo1.maven.org/maven2/org/scala-sbt/util-logging_2.12/1.3.3/util-logging_2.12-1.3.3.jar ...[0m
2022.10.24 18:14:20 ERROR 	[SUCCESSFUL ] org.scala-sbt#util-logging_2.12;1.3.3!util-logging_2.12.jar (533ms)[0m
2022.10.24 18:14:20 ERROR downloading https://repo1.maven.org/maven2/org/scala-sbt/librarymanagement-core_2.12/1.3.1/librarymanagement-core_2.12-1.3.1.jar ...[0m
2022.10.24 18:14:21 ERROR 	[SUCCESSFUL ] io.get-coursier#lm-coursier-shaded_2.12;2.0.0-RC5-3!lm-coursier-shaded_2.12.jar (1184ms)[0m
2022.10.24 18:14:21 ERROR downloading https://repo1.maven.org/maven2/org/scala-sbt/librarymanagement-ivy_2.12/1.3.1/librarymanagement-ivy_2.12-1.3.1.jar ...[0m
2022.10.24 18:14:21 ERROR 	[SUCCESSFUL ] org.scala-sbt#librarymanagement-core_2.12;1.3.1!librarymanagement-core_2.12.jar (556ms)[0m
2022.10.24 18:14:21 ERROR downloading https://repo1.maven.org/maven2/org/scala-sbt/compiler-interface/1.3.4/compiler-interface-1.3.4.jar ...[0m
2022.10.24 18:14:21 ERROR 	[SUCCESSFUL ] org.scala-sbt#compiler-interface;1.3.4!compiler-interface.jar (327ms)[0m
2022.10.24 18:14:21 ERROR downloading https://repo1.maven.org/maven2/org/scala-sbt/zinc-compile_2.12/1.3.4/zinc-compile_2.12-1.3.4.jar ...[0m
2022.10.24 18:14:21 ERROR 	[SUCCESSFUL ] org.scala-sbt#librarymanagement-ivy_2.12;1.3.1!librarymanagement-ivy_2.12.jar (357ms)[0m
2022.10.24 18:14:21 ERROR downloading https://repo1.maven.org/maven2/org/scala-sbt/util-relation_2.12/1.3.3/util-relation_2.12-1.3.3.jar ...[0m
2022.10.24 18:14:21 ERROR 	[SUCCESSFUL ] org.scala-sbt#zinc-compile_2.12;1.3.4!zinc-compile_2.12.jar (303ms)[0m
2022.10.24 18:14:21 ERROR downloading https://repo1.maven.org/maven2/com/eed3si9n/sjson-new-scalajson_2.12/0.8.2/sjson-new-scalajson_2.12-0.8.2.jar ...[0m
2022.10.24 18:14:21 ERROR 	[SUCCESSFUL ] org.scala-sbt#util-relation_2.12;1.3.3!util-relation_2.12.jar (313ms)[0m
2022.10.24 18:14:21 ERROR downloading https://repo1.maven.org/maven2/org/scala-sbt/util-position_2.12/1.3.3/util-position_2.12-1.3.3.jar ...[0m
2022.10.24 18:14:21 ERROR 	[SUCCESSFUL ] com.eed3si9n#sjson-new-scalajson_2.12;0.8.2!sjson-new-scalajson_2.12.jar (306ms)[0m
2022.10.24 18:14:21 ERROR downloading https://repo1.maven.org/maven2/com/eed3si9n/shaded-scalajson_2.12/1.0.0-M4/shaded-scalajson_2.12-1.0.0-M4.jar ...[0m
2022.10.24 18:14:21 ERROR 	[SUCCESSFUL ] org.scala-sbt#util-position_2.12;1.3.3!util-position_2.12.jar (305ms)[0m
2022.10.24 18:14:21 ERROR downloading https://repo1.maven.org/maven2/org/spire-math/jawn-parser_2.12/0.10.4/jawn-parser_2.12-0.10.4.jar ...[0m
2022.10.24 18:14:22 ERROR 	[SUCCESSFUL ] com.eed3si9n#shaded-scalajson_2.12;1.0.0-M4!shaded-scalajson_2.12.jar (303ms)[0m
2022.10.24 18:14:22 ERROR downloading https://repo1.maven.org/maven2/org/scala-lang/scala-reflect/2.12.10/scala-reflect-2.12.10.jar ...[0m
2022.10.24 18:14:22 ERROR 	[SUCCESSFUL ] org.spire-math#jawn-parser_2.12;0.10.4!jawn-parser_2.12.jar (310ms)[0m
2022.10.24 18:14:22 ERROR downloading https://repo1.maven.org/maven2/org/scala-sbt/completion_2.12/1.3.8/completion_2.12-1.3.8.jar ...[0m
2022.10.24 18:14:22 ERROR 	[SUCCESSFUL ] org.scala-sbt#completion_2.12;1.3.8!completion_2.12.jar (346ms)[0m
2022.10.24 18:14:22 ERROR downloading https://repo1.maven.org/maven2/org/scala-sbt/task-system_2.12/1.3.8/task-system_2.12-1.3.8.jar ...[0m
2022.10.24 18:14:22 ERROR 	[SUCCESSFUL ] org.scala-lang#scala-reflect;2.12.10!scala-reflect.jar (617ms)[0m
2022.10.24 18:14:22 ERROR downloading https://repo1.maven.org/maven2/org/scala-sbt/tasks_2.12/1.3.8/tasks_2.12-1.3.8.jar ...[0m
2022.10.24 18:14:22 ERROR 	[SUCCESSFUL ] org.scala-sbt#task-system_2.12;1.3.8!task-system_2.12.jar (331ms)[0m
2022.10.24 18:14:22 ERROR downloading https://repo1.maven.org/maven2/org/scala-sbt/testing_2.12/1.3.8/testing_2.12-1.3.8.jar ...[0m
2022.10.24 18:14:22 ERROR 	[SUCCESSFUL ] org.scala-sbt#tasks_2.12;1.3.8!tasks_2.12.jar (305ms)[0m
2022.10.24 18:14:22 ERROR downloading https://repo1.maven.org/maven2/org/scala-sbt/util-tracking_2.12/1.3.3/util-tracking_2.12-1.3.3.jar ...[0m
2022.10.24 18:14:23 ERROR 	[SUCCESSFUL ] org.scala-sbt#testing_2.12;1.3.8!testing_2.12.jar (313ms)[0m
2022.10.24 18:14:23 ERROR downloading https://repo1.maven.org/maven2/org/scala-sbt/zinc-classpath_2.12/1.3.4/zinc-classpath_2.12-1.3.4.jar ...[0m
2022.10.24 18:14:23 ERROR 	[SUCCESSFUL ] org.scala-sbt#util-tracking_2.12;1.3.3!util-tracking_2.12.jar (335ms)[0m
2022.10.24 18:14:23 ERROR downloading https://repo1.maven.org/maven2/org/scala-sbt/zinc-apiinfo_2.12/1.3.4/zinc-apiinfo_2.12-1.3.4.jar ...[0m
2022.10.24 18:14:23 ERROR 	[SUCCESSFUL ] org.scala-sbt#zinc-classpath_2.12;1.3.4!zinc-classpath_2.12.jar (307ms)[0m
2022.10.24 18:14:23 ERROR downloading https://repo1.maven.org/maven2/org/scala-sbt/zinc_2.12/1.3.4/zinc_2.12-1.3.4.jar ...[0m
2022.10.24 18:14:23 ERROR 	[SUCCESSFUL ] org.scala-sbt#zinc-apiinfo_2.12;1.3.4!zinc-apiinfo_2.12.jar (320ms)[0m
2022.10.24 18:14:23 ERROR downloading https://repo1.maven.org/maven2/jline/jline/2.14.6/jline-2.14.6.jar ...[0m
2022.10.24 18:14:23 ERROR 	[SUCCESSFUL ] org.scala-sbt#zinc_2.12;1.3.4!zinc_2.12.jar (317ms)[0m
2022.10.24 18:14:23 ERROR downloading https://repo1.maven.org/maven2/org/scala-sbt/util-control_2.12/1.3.3/util-control_2.12-1.3.3.jar ...[0m
2022.10.24 18:14:23 ERROR 	[SUCCESSFUL ] jline#jline;2.14.6!jline.jar (312ms)[0m
2022.10.24 18:14:23 ERROR downloading https://repo1.maven.org/maven2/com/swoval/file-tree-views/2.1.3/file-tree-views-2.1.3.jar ...[0m
2022.10.24 18:14:23 ERROR 	[SUCCESSFUL ] org.scala-sbt#util-control_2.12;1.3.3!util-control_2.12.jar (301ms)[0m
2022.10.24 18:14:23 ERROR downloading https://repo1.maven.org/maven2/net/java/dev/jna/jna/4.5.0/jna-4.5.0.jar ...[0m
2022.10.24 18:14:24 ERROR 	[SUCCESSFUL ] com.swoval#file-tree-views;2.1.3!file-tree-views.jar (314ms)[0m
2022.10.24 18:14:24 ERROR downloading https://repo1.maven.org/maven2/net/java/dev/jna/jna-platform/4.5.0/jna-platform-4.5.0.jar ...[0m
2022.10.24 18:14:24 ERROR 	[SUCCESSFUL ] net.java.dev.jna#jna;4.5.0!jna.jar (436ms)[0m
2022.10.24 18:14:24 ERROR downloading https://repo1.maven.org/maven2/org/scala-sbt/util-interface/1.3.3/util-interface-1.3.3.jar ...[0m
2022.10.24 18:14:24 ERROR 	[SUCCESSFUL ] org.scala-sbt#util-interface;1.3.3!util-interface.jar (307ms)[0m
2022.10.24 18:14:24 ERROR downloading https://repo1.maven.org/maven2/com/eed3si9n/sjson-new-core_2.12/0.8.3/sjson-new-core_2.12-0.8.3.jar ...[0m
2022.10.24 18:14:24 ERROR 	[SUCCESSFUL ] net.java.dev.jna#jna-platform;4.5.0!jna-platform.jar (508ms)[0m
2022.10.24 18:14:24 ERROR downloading https://repo1.maven.org/maven2/com/lmax/disruptor/3.4.2/disruptor-3.4.2.jar ...[0m
2022.10.24 18:14:24 ERROR 	[SUCCESSFUL ] com.lmax#disruptor;3.4.2!disruptor.jar (332ms)[0m
2022.10.24 18:14:24 ERROR downloading https://repo1.maven.org/maven2/org/scala-lang/scala-compiler/2.12.10/scala-compiler-2.12.10.jar ...[0m
2022.10.24 18:14:24 ERROR 	[SUCCESSFUL ] com.eed3si9n#sjson-new-core_2.12;0.8.3!sjson-new-core_2.12.jar (356ms)[0m
2022.10.24 18:14:24 ERROR downloading https://repo1.maven.org/maven2/com/google/protobuf/protobuf-java/3.7.0/protobuf-java-3.7.0.jar ...[0m
2022.10.24 18:14:26 ERROR 	[SUCCESSFUL ] com.google.protobuf#protobuf-java;3.7.0!protobuf-java.jar(bundle) (566ms)[0m
2022.10.24 18:14:26 ERROR downloading https://repo1.maven.org/maven2/org/scala-sbt/util-cache_2.12/1.3.3/util-cache_2.12-1.3.3.jar ...[0m
2022.10.24 18:14:26 ERROR 	[SUCCESSFUL ] org.scala-sbt#util-cache_2.12;1.3.3!util-cache_2.12.jar (328ms)[0m
2022.10.24 18:14:26 ERROR downloading https://repo1.maven.org/maven2/com/eed3si9n/sjson-new-murmurhash_2.12/0.8.3/sjson-new-murmurhash_2.12-0.8.3.jar ...[0m
2022.10.24 18:14:26 ERROR 	[SUCCESSFUL ] com.eed3si9n#sjson-new-murmurhash_2.12;0.8.3!sjson-new-murmurhash_2.12.jar (310ms)[0m
2022.10.24 18:14:26 ERROR downloading https://repo1.maven.org/maven2/org/scala-sbt/test-agent/1.3.8/test-agent-1.3.8.jar ...[0m
2022.10.24 18:14:26 ERROR 	[SUCCESSFUL ] org.scala-sbt#test-agent;1.3.8!test-agent.jar (299ms)[0m
2022.10.24 18:14:26 ERROR downloading https://repo1.maven.org/maven2/org/scala-sbt/test-interface/1.0/test-interface-1.0.jar ...[0m
2022.10.24 18:14:27 ERROR 	[SUCCESSFUL ] org.scala-sbt#test-interface;1.0!test-interface.jar (310ms)[0m
2022.10.24 18:14:27 ERROR downloading https://repo1.maven.org/maven2/org/scala-sbt/compiler-bridge_2.12/1.3.4/compiler-bridge_2.12-1.3.4.jar ...[0m
2022.10.24 18:14:27 ERROR 	[SUCCESSFUL ] org.scala-lang#scala-compiler;2.12.10!scala-compiler.jar (1945ms)[0m
2022.10.24 18:14:27 ERROR downloading https://repo1.maven.org/maven2/org/scala-sbt/zinc-classfile_2.12/1.3.4/zinc-classfile_2.12-1.3.4.jar ...[0m
2022.10.24 18:14:27 ERROR 	[SUCCESSFUL ] org.scala-sbt#compiler-bridge_2.12;1.3.4!compiler-bridge_2.12.jar (338ms)[0m
2022.10.24 18:14:27 ERROR downloading https://repo1.maven.org/maven2/com/jcraft/jsch/0.1.54/jsch-0.1.54.jar ...[0m
2022.10.24 18:14:27 ERROR 	[SUCCESSFUL ] org.scala-sbt#zinc-classfile_2.12;1.3.4!zinc-classfile_2.12.jar (330ms)[0m
2022.10.24 18:14:27 ERROR downloading https://repo1.maven.org/maven2/com/eed3si9n/gigahorse-okhttp_2.12/0.5.0/gigahorse-okhttp_2.12-0.5.0.jar ...[0m
2022.10.24 18:14:27 ERROR 	[SUCCESSFUL ] com.jcraft#jsch;0.1.54!jsch.jar (337ms)[0m
2022.10.24 18:14:27 ERROR downloading https://repo1.maven.org/maven2/com/squareup/okhttp3/okhttp-urlconnection/3.7.0/okhttp-urlconnection-3.7.0.jar ...[0m
2022.10.24 18:14:27 ERROR 	[SUCCESSFUL ] com.eed3si9n#gigahorse-okhttp_2.12;0.5.0!gigahorse-okhttp_2.12.jar (317ms)[0m
2022.10.24 18:14:27 ERROR downloading https://repo1.maven.org/maven2/com/eed3si9n/gigahorse-core_2.12/0.5.0/gigahorse-core_2.12-0.5.0.jar ...[0m
2022.10.24 18:14:27 ERROR 	[SUCCESSFUL ] com.squareup.okhttp3#okhttp-urlconnection;3.7.0!okhttp-urlconnection.jar (302ms)[0m
2022.10.24 18:14:27 ERROR downloading https://repo1.maven.org/maven2/com/squareup/okhttp3/okhttp/3.14.2/okhttp-3.14.2.jar ...[0m
2022.10.24 18:14:28 ERROR 	[SUCCESSFUL ] com.eed3si9n#gigahorse-core_2.12;0.5.0!gigahorse-core_2.12.jar (340ms)[0m
2022.10.24 18:14:28 ERROR downloading https://repo1.maven.org/maven2/com/typesafe/ssl-config-core_2.12/0.4.0/ssl-config-core_2.12-0.4.0.jar ...[0m
2022.10.24 18:14:28 ERROR 	[SUCCESSFUL ] com.squareup.okhttp3#okhttp;3.14.2!okhttp.jar (349ms)[0m
2022.10.24 18:14:28 ERROR downloading https://repo1.maven.org/maven2/org/reactivestreams/reactive-streams/1.0.2/reactive-streams-1.0.2.jar ...[0m
2022.10.24 18:14:28 ERROR 	[SUCCESSFUL ] com.typesafe#ssl-config-core_2.12;0.4.0!ssl-config-core_2.12.jar(bundle) (355ms)[0m
2022.10.24 18:14:28 ERROR downloading https://repo1.maven.org/maven2/org/slf4j/slf4j-api/1.7.26/slf4j-api-1.7.26.jar ...[0m
2022.10.24 18:14:28 ERROR 	[SUCCESSFUL ] org.reactivestreams#reactive-streams;1.0.2!reactive-streams.jar (308ms)[0m
2022.10.24 18:14:28 ERROR downloading https://repo1.maven.org/maven2/org/scala-lang/modules/scala-parser-combinators_2.12/1.1.2/scala-parser-combinators_2.12-1.1.2.jar ...[0m
2022.10.24 18:14:28 ERROR 	[SUCCESSFUL ] org.slf4j#slf4j-api;1.7.26!slf4j-api.jar (340ms)[0m
2022.10.24 18:14:28 ERROR downloading https://repo1.maven.org/maven2/com/typesafe/config/1.3.3/config-1.3.3.jar ...[0m
2022.10.24 18:14:28 ERROR 	[SUCCESSFUL ] org.scala-lang.modules#scala-parser-combinators_2.12;1.1.2!scala-parser-combinators_2.12.jar(bundle) (328ms)[0m
2022.10.24 18:14:28 ERROR downloading https://repo1.maven.org/maven2/com/squareup/okio/okio/1.17.2/okio-1.17.2.jar ...[0m
2022.10.24 18:14:29 ERROR 	[SUCCESSFUL ] com.typesafe#config;1.3.3!config.jar(bundle) (341ms)[0m
2022.10.24 18:14:29 ERROR downloading https://repo1.maven.org/maven2/org/scala-sbt/zinc-core_2.12/1.3.4/zinc-core_2.12-1.3.4.jar ...[0m
2022.10.24 18:14:29 ERROR 	[SUCCESSFUL ] com.squareup.okio#okio;1.17.2!okio.jar (308ms)[0m
2022.10.24 18:14:29 ERROR downloading https://repo1.maven.org/maven2/org/scala-sbt/zinc-persist_2.12/1.3.4/zinc-persist_2.12-1.3.4.jar ...[0m
2022.10.24 18:14:29 ERROR 	[SUCCESSFUL ] org.scala-sbt#zinc-core_2.12;1.3.4!zinc-core_2.12.jar (386ms)[0m
2022.10.24 18:14:29 ERROR downloading https://repo1.maven.org/maven2/org/scala-sbt/zinc-compile-core_2.12/1.3.4/zinc-compile-core_2.12-1.3.4.jar ...[0m
2022.10.24 18:14:29 ERROR 	[SUCCESSFUL ] org.scala-sbt#zinc-persist_2.12;1.3.4!zinc-persist_2.12.jar (541ms)[0m
2022.10.24 18:14:29 ERROR downloading https://repo1.maven.org/maven2/com/trueaccord/scalapb/scalapb-runtime_2.12/0.6.0/scalapb-runtime_2.12-0.6.0.jar ...[0m
2022.10.24 18:14:29 ERROR 	[SUCCESSFUL ] org.scala-sbt#zinc-compile-core_2.12;1.3.4!zinc-compile-core_2.12.jar (321ms)[0m
2022.10.24 18:14:29 ERROR downloading https://repo1.maven.org/maven2/com/trueaccord/lenses/lenses_2.12/0.4.12/lenses_2.12-0.4.12.jar ...[0m
2022.10.24 18:14:30 ERROR 	[SUCCESSFUL ] com.trueaccord.lenses#lenses_2.12;0.4.12!lenses_2.12.jar (300ms)[0m
2022.10.24 18:14:30 ERROR downloading https://repo1.maven.org/maven2/com/lihaoyi/fastparse_2.12/0.4.2/fastparse_2.12-0.4.2.jar ...[0m
2022.10.24 18:14:30 ERROR 	[SUCCESSFUL ] com.trueaccord.scalapb#scalapb-runtime_2.12;0.6.0!scalapb-runtime_2.12.jar (540ms)[0m
2022.10.24 18:14:30 ERROR downloading https://repo1.maven.org/maven2/com/lihaoyi/fastparse-utils_2.12/0.4.2/fastparse-utils_2.12-0.4.2.jar ...[0m
2022.10.24 18:14:30 ERROR 	[SUCCESSFUL ] com.lihaoyi#fastparse_2.12;0.4.2!fastparse_2.12.jar (339ms)[0m
2022.10.24 18:14:30 ERROR downloading https://repo1.maven.org/maven2/com/lihaoyi/sourcecode_2.12/0.1.3/sourcecode_2.12-0.1.3.jar ...[0m
2022.10.24 18:14:30 ERROR 	[SUCCESSFUL ] com.lihaoyi#fastparse-utils_2.12;0.4.2!fastparse-utils_2.12.jar (315ms)[0m
2022.10.24 18:14:30 ERROR downloading https://repo1.maven.org/maven2/org/scala-sbt/sbinary_2.12/0.5.0/sbinary_2.12-0.5.0.jar ...[0m
2022.10.24 18:14:30 ERROR 	[SUCCESSFUL ] com.lihaoyi#sourcecode_2.12;0.1.3!sourcecode_2.12.jar (315ms)[0m
2022.10.24 18:14:30 ERROR downloading https://repo1.maven.org/maven2/org/scala-sbt/core-macros_2.12/1.3.8/core-macros_2.12-1.3.8.jar ...[0m
2022.10.24 18:14:30 ERROR 	[SUCCESSFUL ] org.scala-sbt#sbinary_2.12;0.5.0!sbinary_2.12.jar (322ms)[0m
2022.10.24 18:14:30 ERROR downloading https://repo1.maven.org/maven2/org/scala-sbt/protocol_2.12/1.3.8/protocol_2.12-1.3.8.jar ...[0m
2022.10.24 18:14:30 ERROR 	[SUCCESSFUL ] org.scala-sbt#core-macros_2.12;1.3.8!core-macros_2.12.jar (333ms)[0m
2022.10.24 18:14:30 ERROR downloading https://repo1.maven.org/maven2/org/scala-sbt/template-resolver/0.1/template-resolver-0.1.jar ...[0m
2022.10.24 18:14:31 ERROR 	[SUCCESSFUL ] org.scala-sbt#protocol_2.12;1.3.8!protocol_2.12.jar (339ms)[0m
2022.10.24 18:14:31 ERROR downloading https://repo1.maven.org/maven2/org/scala-sbt/ipcsocket/ipcsocket/1.0.0/ipcsocket-1.0.0.jar ...[0m
2022.10.24 18:14:31 ERROR 	[SUCCESSFUL ] org.scala-sbt#template-resolver;0.1!template-resolver.jar (307ms)[0m
2022.10.24 18:14:31 ERROR downloading https://repo1.maven.org/maven2/org/scala-sbt/util-scripted_2.12/1.3.3/util-scripted_2.12-1.3.3.jar ...[0m
2022.10.24 18:14:31 ERROR 	[SUCCESSFUL ] org.scala-sbt.ipcsocket#ipcsocket;1.0.0!ipcsocket.jar (308ms)[0m
2022.10.24 18:14:31 ERROR downloading https://repo1.maven.org/maven2/com/github/cb372/scalacache-core_2.12/0.20.0/scalacache-core_2.12-0.20.0.jar ...[0m
2022.10.24 18:14:31 ERROR 	[SUCCESSFUL ] org.scala-sbt#util-scripted_2.12;1.3.3!util-scripted_2.12.jar (307ms)[0m
2022.10.24 18:14:31 ERROR downloading https://repo1.maven.org/maven2/com/github/ben-manes/caffeine/caffeine/2.5.6/caffeine-2.5.6.jar ...[0m
2022.10.24 18:14:31 ERROR 	[SUCCESSFUL ] com.github.cb372#scalacache-core_2.12;0.20.0!scalacache-core_2.12.jar (324ms)[0m
2022.10.24 18:14:31 ERROR downloading https://repo1.maven.org/maven2/org/scala-sbt/ivy/ivy/2.3.0-sbt-88d6a93d15f9b029958c1c289a8859e8dfe31a19/ivy-2.3.0-sbt-88d6a93d15f9b029958c1c289a8859e8dfe31a19.jar ...[0m
2022.10.24 18:14:31 ERROR 	[SUCCESSFUL ] com.github.ben-manes.caffeine#caffeine;2.5.6!caffeine.jar (428ms)[0m
2022.10.24 18:14:33 ERROR 	[SUCCESSFUL ] org.scala-sbt.ivy#ivy;2.3.0-sbt-88d6a93d15f9b029958c1c289a8859e8dfe31a19!ivy.jar (452ms)[0m
2022.10.24 18:14:33 ERROR :: retrieving :: org.scala-sbt#boot-app[0m
2022.10.24 18:14:33 ERROR 	confs: [default][0m
2022.10.24 18:14:33 ERROR 	81 artifacts copied, 0 already retrieved[0m
2022.10.24 18:14:33 ERROR [info] [launcher] getting Scala 2.12.10 (for sbt)...[0m
2022.10.24 18:14:39 ERROR downloading https://repo1.maven.org/maven2/org/scala-lang/modules/scala-xml_2.12/1.0.6/scala-xml_2.12-1.0.6.jar ...[0m
2022.10.24 18:14:39 ERROR downloading https://repo1.maven.org/maven2/org/fusesource/jansi/jansi/1.12/jansi-1.12.jar ...[0m
2022.10.24 18:14:39 ERROR 	[SUCCESSFUL ] org.scala-lang.modules#scala-xml_2.12;1.0.6!scala-xml_2.12.jar(bundle) (365ms)[0m
2022.10.24 18:14:39 ERROR 	[SUCCESSFUL ] org.fusesource.jansi#jansi;1.12!jansi.jar (652ms)[0m
2022.10.24 18:14:39 ERROR :: retrieving :: org.scala-sbt#boot-scala[0m
2022.10.24 18:14:39 ERROR 	confs: [default][0m
2022.10.24 18:14:39 ERROR 	6 artifacts copied, 0 already retrieved[0m
2022.10.24 18:14:46 ERROR java.lang.UnsupportedOperationException: The Security Manager is deprecated and will be removed in a future release[0m
2022.10.24 18:14:46 ERROR 	at java.base/java.lang.System.setSecurityManager(System.java:416)[0m
2022.10.24 18:14:46 ERROR 	at sbt.TrapExit$.installManager(TrapExit.scala:53)[0m
2022.10.24 18:14:46 ERROR 	at sbt.StandardMain$.runManaged(Main.scala:127)[0m
2022.10.24 18:14:46 ERROR 	at sbt.xMain$.run(Main.scala:67)[0m
2022.10.24 18:14:46 ERROR 	at java.base/jdk.internal.reflect.DirectMethodHandleAccessor.invoke(DirectMethodHandleAccessor.java:104)[0m
2022.10.24 18:14:46 ERROR 	at java.base/java.lang.reflect.Method.invoke(Method.java:577)[0m
2022.10.24 18:14:46 ERROR 	at sbt.internal.XMainConfiguration.run(XMainConfiguration.scala:45)[0m
2022.10.24 18:14:46 ERROR 	at sbt.xMain.run(Main.scala:39)[0m
2022.10.24 18:14:46 ERROR 	at xsbt.boot.Launch$$anonfun$run$1.apply(Launch.scala:111)[0m
2022.10.24 18:14:46 ERROR 	at xsbt.boot.Launch$.withContextLoader(Launch.scala:131)[0m
2022.10.24 18:14:46 ERROR 	at xsbt.boot.Launch$.run(Launch.scala:111)[0m
2022.10.24 18:14:46 ERROR 	at xsbt.boot.Launch$$anonfun$apply$1.apply(Launch.scala:37)[0m
2022.10.24 18:14:46 ERROR 	at xsbt.boot.Launch$.launch(Launch.scala:120)[0m
2022.10.24 18:14:46 ERROR 	at xsbt.boot.Launch$.apply(Launch.scala:20)[0m
2022.10.24 18:14:46 ERROR 	at xsbt.boot.Boot$.runImpl(Boot.scala:56)[0m
2022.10.24 18:14:46 ERROR 	at xsbt.boot.Boot$.main(Boot.scala:18)[0m
2022.10.24 18:14:46 ERROR 	at xsbt.boot.Boot.main(Boot.scala)[0m
2022.10.24 18:14:46 ERROR [error] [launcher] error during sbt launcher: java.lang.UnsupportedOperationException: The Security Manager is deprecated and will be removed in a future release[0m
2022.10.24 18:14:46 INFO  time: ran 'sbt bloopInstall' in 2m4s[0m
2022.10.24 18:14:47 ERROR sbt command failed: /usr/lib/jvm/jdk-18/bin/java -Djline.terminal=jline.UnsupportedTerminal -Dsbt.log.noformat=true -Dfile.encoding=UTF-8 -jar /tmp/metals1763388019296022346/sbt-launch.jar -Dbloop.export-jar-classifiers=sources bloopInstall[0m
2022.10.24 18:14:57 WARN  no build target for: /home/jaime/Documents/MVP-eCommerce/datamaking_spark_demo/src/main/scala/rdd_transformation_demo.scala[0m
Oct 24, 2022 6:14:58 PM org.eclipse.lsp4j.jsonrpc.RemoteEndpoint fallbackResponseError
SEVERE: Internal error: scala.meta.internal.metals.debug.BuildTargetNotFoundForPathException: No build target could be found for the path: /home/jaime/Documents/MVP-eCommerce/datamaking_spark_demo/src/main/scala/rdd_transformation_demo.scala
java.util.concurrent.CompletionException: scala.meta.internal.metals.debug.BuildTargetNotFoundForPathException: No build target could be found for the path: /home/jaime/Documents/MVP-eCommerce/datamaking_spark_demo/src/main/scala/rdd_transformation_demo.scala
	at java.base/java.util.concurrent.CompletableFuture.encodeThrowable(CompletableFuture.java:332)
	at java.base/java.util.concurrent.CompletableFuture.uniAcceptNow(CompletableFuture.java:747)
	at java.base/java.util.concurrent.CompletableFuture.uniAcceptStage(CompletableFuture.java:735)
	at java.base/java.util.concurrent.CompletableFuture.thenAcceptAsync(CompletableFuture.java:2186)
	at scala.concurrent.java8.FuturesConvertersImpl$CF.thenAccept(FutureConvertersImpl.scala:37)
	at org.eclipse.lsp4j.jsonrpc.RemoteEndpoint.handleRequest(RemoteEndpoint.java:279)
	at org.eclipse.lsp4j.jsonrpc.RemoteEndpoint.consume(RemoteEndpoint.java:190)
	at org.eclipse.lsp4j.jsonrpc.json.StreamMessageProducer.handleMessage(StreamMessageProducer.java:194)
	at org.eclipse.lsp4j.jsonrpc.json.StreamMessageProducer.listen(StreamMessageProducer.java:94)
	at org.eclipse.lsp4j.jsonrpc.json.ConcurrentMessageProcessor.run(ConcurrentMessageProcessor.java:113)
	at java.base/java.util.concurrent.Executors$RunnableAdapter.call(Executors.java:539)
	at java.base/java.util.concurrent.FutureTask.run(FutureTask.java:264)
	at java.base/java.util.concurrent.ThreadPoolExecutor.runWorker(ThreadPoolExecutor.java:1136)
	at java.base/java.util.concurrent.ThreadPoolExecutor$Worker.run(ThreadPoolExecutor.java:635)
	at java.base/java.lang.Thread.run(Thread.java:833)
Caused by: scala.meta.internal.metals.debug.BuildTargetNotFoundForPathException: No build target could be found for the path: /home/jaime/Documents/MVP-eCommerce/datamaking_spark_demo/src/main/scala/rdd_transformation_demo.scala
	at scala.meta.internal.metals.debug.DebugProvider.debugDiscovery(DebugProvider.scala:412)
	at scala.meta.internal.metals.MetalsLanguageServer.executeCommand(MetalsLanguageServer.scala:1963)
	at java.base/jdk.internal.reflect.DirectMethodHandleAccessor.invoke(DirectMethodHandleAccessor.java:104)
	at java.base/java.lang.reflect.Method.invoke(Method.java:577)
	at org.eclipse.lsp4j.jsonrpc.services.GenericEndpoint.lambda$null$0(GenericEndpoint.java:65)
	at org.eclipse.lsp4j.jsonrpc.services.GenericEndpoint.request(GenericEndpoint.java:120)
	at org.eclipse.lsp4j.jsonrpc.RemoteEndpoint.handleRequest(RemoteEndpoint.java:261)
	... 9 more

2022.10.24 18:15:05 WARN  no build target for: /home/jaime/Documents/MVP-eCommerce/datamaking_spark_demo/src/main/scala/rdd_transformation_demo.scala[0m
Oct 24, 2022 6:15:05 PM org.eclipse.lsp4j.jsonrpc.RemoteEndpoint fallbackResponseError
SEVERE: Internal error: scala.meta.internal.metals.debug.BuildTargetNotFoundForPathException: No build target could be found for the path: /home/jaime/Documents/MVP-eCommerce/datamaking_spark_demo/src/main/scala/rdd_transformation_demo.scala
java.util.concurrent.CompletionException: scala.meta.internal.metals.debug.BuildTargetNotFoundForPathException: No build target could be found for the path: /home/jaime/Documents/MVP-eCommerce/datamaking_spark_demo/src/main/scala/rdd_transformation_demo.scala
	at java.base/java.util.concurrent.CompletableFuture.encodeThrowable(CompletableFuture.java:332)
	at java.base/java.util.concurrent.CompletableFuture.uniAcceptNow(CompletableFuture.java:747)
	at java.base/java.util.concurrent.CompletableFuture.uniAcceptStage(CompletableFuture.java:735)
	at java.base/java.util.concurrent.CompletableFuture.thenAcceptAsync(CompletableFuture.java:2186)
	at scala.concurrent.java8.FuturesConvertersImpl$CF.thenAccept(FutureConvertersImpl.scala:37)
	at org.eclipse.lsp4j.jsonrpc.RemoteEndpoint.handleRequest(RemoteEndpoint.java:279)
	at org.eclipse.lsp4j.jsonrpc.RemoteEndpoint.consume(RemoteEndpoint.java:190)
	at org.eclipse.lsp4j.jsonrpc.json.StreamMessageProducer.handleMessage(StreamMessageProducer.java:194)
	at org.eclipse.lsp4j.jsonrpc.json.StreamMessageProducer.listen(StreamMessageProducer.java:94)
	at org.eclipse.lsp4j.jsonrpc.json.ConcurrentMessageProcessor.run(ConcurrentMessageProcessor.java:113)
	at java.base/java.util.concurrent.Executors$RunnableAdapter.call(Executors.java:539)
	at java.base/java.util.concurrent.FutureTask.run(FutureTask.java:264)
	at java.base/java.util.concurrent.ThreadPoolExecutor.runWorker(ThreadPoolExecutor.java:1136)
	at java.base/java.util.concurrent.ThreadPoolExecutor$Worker.run(ThreadPoolExecutor.java:635)
	at java.base/java.lang.Thread.run(Thread.java:833)
Caused by: scala.meta.internal.metals.debug.BuildTargetNotFoundForPathException: No build target could be found for the path: /home/jaime/Documents/MVP-eCommerce/datamaking_spark_demo/src/main/scala/rdd_transformation_demo.scala
	at scala.meta.internal.metals.debug.DebugProvider.debugDiscovery(DebugProvider.scala:412)
	at scala.meta.internal.metals.MetalsLanguageServer.executeCommand(MetalsLanguageServer.scala:1963)
	at java.base/jdk.internal.reflect.DirectMethodHandleAccessor.invoke(DirectMethodHandleAccessor.java:104)
	at java.base/java.lang.reflect.Method.invoke(Method.java:577)
	at org.eclipse.lsp4j.jsonrpc.services.GenericEndpoint.lambda$null$0(GenericEndpoint.java:65)
	at org.eclipse.lsp4j.jsonrpc.services.GenericEndpoint.request(GenericEndpoint.java:120)
	at org.eclipse.lsp4j.jsonrpc.RemoteEndpoint.handleRequest(RemoteEndpoint.java:261)
	... 9 more

2022.10.24 18:23:42 INFO  shutting down Metals[0m
2022.10.24 20:22:41 INFO  tracing is disabled for protocol LSP, to enable tracing of incoming and outgoing JSON messages create an empty file at /home/jaime/Documents/MVP-eCommerce/datamaking_spark_demo/.metals/lsp.trace.json or /home/jaime/.cache/metals/lsp.trace.json[0m
2022.10.24 20:22:43 INFO  logging to file /home/jaime/Documents/MVP-eCommerce/datamaking_spark_demo/.metals/metals.log[0m
2022.10.24 20:22:43 INFO  Started: Metals version 0.11.9 in workspace '/home/jaime/Documents/MVP-eCommerce/datamaking_spark_demo' for client Visual Studio Code 1.72.2.[0m
2022.10.24 20:22:47 INFO  time: initialize in 4.02s[0m
2022.10.24 20:22:52 WARN  Build server is not auto-connectable.[0m
2022.10.24 20:22:53 WARN  no build target for: /home/jaime/Documents/MVP-eCommerce/datamaking_spark_demo/src/main/scala/rdd_action_demo.scala[0m
2022.10.24 20:22:53 INFO  skipping build import with status 'Failed'[0m
2022.10.24 20:23:02 INFO  no build target found for /home/jaime/Documents/MVP-eCommerce/datamaking_spark_demo/src/main/scala/rdd_action_demo.scala. Using presentation compiler with project's scala-library version: 3.2.0[0m
2022.10.24 20:23:09 INFO  time: code lens generation in 4.11s[0m
2022.10.24 20:23:09 INFO  time: code lens generation in 14s[0m
2022.10.24 20:25:40 WARN  no build target for: /home/jaime/Documents/MVP-eCommerce/datamaking_spark_demo/src/main/scala/rdd_action_demo.scala[0m
Oct 24, 2022 8:25:40 PM org.eclipse.lsp4j.jsonrpc.RemoteEndpoint fallbackResponseError
SEVERE: Internal error: scala.meta.internal.metals.debug.BuildTargetNotFoundForPathException: No build target could be found for the path: /home/jaime/Documents/MVP-eCommerce/datamaking_spark_demo/src/main/scala/rdd_action_demo.scala
java.util.concurrent.CompletionException: scala.meta.internal.metals.debug.BuildTargetNotFoundForPathException: No build target could be found for the path: /home/jaime/Documents/MVP-eCommerce/datamaking_spark_demo/src/main/scala/rdd_action_demo.scala
	at java.base/java.util.concurrent.CompletableFuture.encodeThrowable(CompletableFuture.java:332)
	at java.base/java.util.concurrent.CompletableFuture.uniAcceptNow(CompletableFuture.java:747)
	at java.base/java.util.concurrent.CompletableFuture.uniAcceptStage(CompletableFuture.java:735)
	at java.base/java.util.concurrent.CompletableFuture.thenAcceptAsync(CompletableFuture.java:2186)
	at scala.concurrent.java8.FuturesConvertersImpl$CF.thenAccept(FutureConvertersImpl.scala:37)
	at org.eclipse.lsp4j.jsonrpc.RemoteEndpoint.handleRequest(RemoteEndpoint.java:279)
	at org.eclipse.lsp4j.jsonrpc.RemoteEndpoint.consume(RemoteEndpoint.java:190)
	at org.eclipse.lsp4j.jsonrpc.json.StreamMessageProducer.handleMessage(StreamMessageProducer.java:194)
	at org.eclipse.lsp4j.jsonrpc.json.StreamMessageProducer.listen(StreamMessageProducer.java:94)
	at org.eclipse.lsp4j.jsonrpc.json.ConcurrentMessageProcessor.run(ConcurrentMessageProcessor.java:113)
	at java.base/java.util.concurrent.Executors$RunnableAdapter.call(Executors.java:539)
	at java.base/java.util.concurrent.FutureTask.run(FutureTask.java:264)
	at java.base/java.util.concurrent.ThreadPoolExecutor.runWorker(ThreadPoolExecutor.java:1136)
	at java.base/java.util.concurrent.ThreadPoolExecutor$Worker.run(ThreadPoolExecutor.java:635)
	at java.base/java.lang.Thread.run(Thread.java:833)
Caused by: scala.meta.internal.metals.debug.BuildTargetNotFoundForPathException: No build target could be found for the path: /home/jaime/Documents/MVP-eCommerce/datamaking_spark_demo/src/main/scala/rdd_action_demo.scala
	at scala.meta.internal.metals.debug.DebugProvider.debugDiscovery(DebugProvider.scala:412)
	at scala.meta.internal.metals.MetalsLanguageServer.executeCommand(MetalsLanguageServer.scala:1963)
	at java.base/jdk.internal.reflect.DirectMethodHandleAccessor.invoke(DirectMethodHandleAccessor.java:104)
	at java.base/java.lang.reflect.Method.invoke(Method.java:577)
	at org.eclipse.lsp4j.jsonrpc.services.GenericEndpoint.lambda$null$0(GenericEndpoint.java:65)
	at org.eclipse.lsp4j.jsonrpc.services.GenericEndpoint.request(GenericEndpoint.java:120)
	at org.eclipse.lsp4j.jsonrpc.RemoteEndpoint.handleRequest(RemoteEndpoint.java:261)
	... 9 more

2022.10.24 20:45:53 WARN  no build target for: /home/jaime/Documents/MVP-eCommerce/datamaking_spark_demo/src/main/scala/rdd_action_demo.scala[0m
Oct 24, 2022 8:45:53 PM org.eclipse.lsp4j.jsonrpc.RemoteEndpoint fallbackResponseError
SEVERE: Internal error: scala.meta.internal.metals.debug.BuildTargetNotFoundForPathException: No build target could be found for the path: /home/jaime/Documents/MVP-eCommerce/datamaking_spark_demo/src/main/scala/rdd_action_demo.scala
java.util.concurrent.CompletionException: scala.meta.internal.metals.debug.BuildTargetNotFoundForPathException: No build target could be found for the path: /home/jaime/Documents/MVP-eCommerce/datamaking_spark_demo/src/main/scala/rdd_action_demo.scala
	at java.base/java.util.concurrent.CompletableFuture.encodeThrowable(CompletableFuture.java:332)
	at java.base/java.util.concurrent.CompletableFuture.uniAcceptNow(CompletableFuture.java:747)
	at java.base/java.util.concurrent.CompletableFuture.uniAcceptStage(CompletableFuture.java:735)
	at java.base/java.util.concurrent.CompletableFuture.thenAcceptAsync(CompletableFuture.java:2186)
	at scala.concurrent.java8.FuturesConvertersImpl$CF.thenAccept(FutureConvertersImpl.scala:37)
	at org.eclipse.lsp4j.jsonrpc.RemoteEndpoint.handleRequest(RemoteEndpoint.java:279)
	at org.eclipse.lsp4j.jsonrpc.RemoteEndpoint.consume(RemoteEndpoint.java:190)
	at org.eclipse.lsp4j.jsonrpc.json.StreamMessageProducer.handleMessage(StreamMessageProducer.java:194)
	at org.eclipse.lsp4j.jsonrpc.json.StreamMessageProducer.listen(StreamMessageProducer.java:94)
	at org.eclipse.lsp4j.jsonrpc.json.ConcurrentMessageProcessor.run(ConcurrentMessageProcessor.java:113)
	at java.base/java.util.concurrent.Executors$RunnableAdapter.call(Executors.java:539)
	at java.base/java.util.concurrent.FutureTask.run(FutureTask.java:264)
	at java.base/java.util.concurrent.ThreadPoolExecutor.runWorker(ThreadPoolExecutor.java:1136)
	at java.base/java.util.concurrent.ThreadPoolExecutor$Worker.run(ThreadPoolExecutor.java:635)
	at java.base/java.lang.Thread.run(Thread.java:833)
Caused by: scala.meta.internal.metals.debug.BuildTargetNotFoundForPathException: No build target could be found for the path: /home/jaime/Documents/MVP-eCommerce/datamaking_spark_demo/src/main/scala/rdd_action_demo.scala
	at scala.meta.internal.metals.debug.DebugProvider.debugDiscovery(DebugProvider.scala:412)
	at scala.meta.internal.metals.MetalsLanguageServer.executeCommand(MetalsLanguageServer.scala:1963)
	at java.base/jdk.internal.reflect.DirectMethodHandleAccessor.invoke(DirectMethodHandleAccessor.java:104)
	at java.base/java.lang.reflect.Method.invoke(Method.java:577)
	at org.eclipse.lsp4j.jsonrpc.services.GenericEndpoint.lambda$null$0(GenericEndpoint.java:65)
	at org.eclipse.lsp4j.jsonrpc.services.GenericEndpoint.request(GenericEndpoint.java:120)
	at org.eclipse.lsp4j.jsonrpc.RemoteEndpoint.handleRequest(RemoteEndpoint.java:261)
	... 9 more

2022.10.24 20:59:08 INFO  shutting down Metals[0m
